[debug] [2020-09-20T15:07:34.185Z] ----------------------------------------------------------------------
[debug] [2020-09-20T15:07:34.188Z] Command:       C:\Program Files\nodejs\node.exe C:\Users\Marco\AppData\Roaming\npm\node_modules\firebase-tools\lib\bin\firebase.js serve
[debug] [2020-09-20T15:07:34.188Z] CLI Version:   8.9.0
[debug] [2020-09-20T15:07:34.188Z] Platform:      win32
[debug] [2020-09-20T15:07:34.188Z] Node Version:  v12.18.3
[debug] [2020-09-20T15:07:34.190Z] Time:          Sun Sep 20 2020 12:07:34 GMT-0300 (Argentina Standard Time)
[debug] [2020-09-20T15:07:34.190Z] ----------------------------------------------------------------------
[debug] [2020-09-20T15:07:34.191Z] 
[debug] [2020-09-20T15:07:34.205Z] > command requires scopes: ["email","openid","https://www.googleapis.com/auth/cloudplatformprojects.readonly","https://www.googleapis.com/auth/firebase","https://www.googleapis.com/auth/cloud-platform"]
[debug] [2020-09-20T15:07:34.206Z] > authorizing via signed-in user
[debug] [2020-09-20T15:07:34.206Z] [iam] checking project buscatutorrent for permissions ["firebase.projects.get"]
[debug] [2020-09-20T15:07:34.211Z] >>> HTTP REQUEST POST https://cloudresourcemanager.googleapis.com/v1/projects/buscatutorrent:testIamPermissions  
 {"permissions":["firebase.projects.get"]}
[debug] [2020-09-20T15:07:35.291Z] <<< HTTP RESPONSE 200 {"content-type":"application/json; charset=UTF-8","vary":"X-Origin, Referer, Origin,Accept-Encoding","date":"Sun, 20 Sep 2020 15:07:35 GMT","server":"ESF","cache-control":"private","x-xss-protection":"0","x-frame-options":"SAMEORIGIN","x-content-type-options":"nosniff","server-timing":"gfet4t7; dur=950","alt-svc":"h3-Q050=\":443\"; ma=2592000,h3-29=\":443\"; ma=2592000,h3-27=\":443\"; ma=2592000,h3-T051=\":443\"; ma=2592000,h3-T050=\":443\"; ma=2592000,h3-Q046=\":443\"; ma=2592000,h3-Q043=\":443\"; ma=2592000,quic=\":443\"; ma=2592000; v=\"46,43\"","accept-ranges":"none","transfer-encoding":"chunked"}
[debug] [2020-09-20T15:07:35.293Z] >>> HTTP REQUEST GET https://firebase.googleapis.com/v1beta1/projects/buscatutorrent  
 
[debug] [2020-09-20T15:07:36.291Z] <<< HTTP RESPONSE 200 {"content-type":"application/json; charset=UTF-8","vary":"X-Origin, Referer, Origin,Accept-Encoding","date":"Sun, 20 Sep 2020 15:07:36 GMT","server":"ESF","cache-control":"private","x-xss-protection":"0","x-frame-options":"SAMEORIGIN","x-content-type-options":"nosniff","alt-svc":"h3-Q050=\":443\"; ma=2592000,h3-29=\":443\"; ma=2592000,h3-27=\":443\"; ma=2592000,h3-T051=\":443\"; ma=2592000,h3-T050=\":443\"; ma=2592000,h3-Q046=\":443\"; ma=2592000,h3-Q043=\":443\"; ma=2592000,quic=\":443\"; ma=2592000; v=\"46,43\"","accept-ranges":"none","transfer-encoding":"chunked"}
[info] 
[info] === Serving from 'C:\Users\Marco\Desktop\bogamovies'...
[info] 
[debug] [2020-09-20T15:07:36.297Z] >>> HTTP REQUEST GET https://firebase.googleapis.com/v1beta1/projects/buscatutorrent/webApps/-/config  
 
[debug] [2020-09-20T15:07:36.955Z] <<< HTTP RESPONSE 200 {"content-type":"application/json; charset=UTF-8","vary":"X-Origin, Referer, Origin,Accept-Encoding","date":"Sun, 20 Sep 2020 15:07:37 GMT","server":"ESF","cache-control":"private","x-xss-protection":"0","x-frame-options":"SAMEORIGIN","x-content-type-options":"nosniff","alt-svc":"h3-Q050=\":443\"; ma=2592000,h3-29=\":443\"; ma=2592000,h3-27=\":443\"; ma=2592000,h3-T051=\":443\"; ma=2592000,h3-T050=\":443\"; ma=2592000,h3-Q046=\":443\"; ma=2592000,h3-Q043=\":443\"; ma=2592000,quic=\":443\"; ma=2592000; v=\"46,43\"","accept-ranges":"none","transfer-encoding":"chunked"}
[info] i  hosting: Serving hosting files from: build {"metadata":{"emulator":{"name":"hosting"},"message":"Serving hosting files from: \u001b[1mbuild\u001b[22m"}}
[info] +  hosting: Local server: http://localhost:5000 {"metadata":{"emulator":{"name":"hosting"},"message":"Local server: \u001b[4m\u001b[1mhttp://localhost:5000\u001b[22m\u001b[24m"}}
[warn] !  Your requested "node" version "10" doesn't match your global version "12" {"metadata":{"emulator":{"name":"functions"},"message":"Your requested \"node\" version \"10\" doesn't match your global version \"12\""}}
[info] i  functions: Watching "C:\Users\Marco\Desktop\bogamovies\functions" for Cloud Functions... {"metadata":{"emulator":{"name":"functions"},"message":"Watching \"C:\\Users\\Marco\\Desktop\\bogamovies\\functions\" for Cloud Functions..."}}
[debug] [2020-09-20T15:07:38.616Z] [worker-pool] addWorker(~diagnostic~) {"metadata":{"emulator":{"name":"functions"},"message":"[worker-pool] addWorker(~diagnostic~)"}}
[debug] [2020-09-20T15:07:38.617Z] [worker-pool] Adding worker with key ~diagnostic~, total=1 {"metadata":{"emulator":{"name":"functions"},"message":"[worker-pool] Adding worker with key ~diagnostic~, total=1"}}
[debug] [2020-09-20T15:07:38.617Z] [worker-pool] submitWork(triggerId=) {"metadata":{"emulator":{"name":"functions"},"message":"[worker-pool] submitWork(triggerId=)"}}
[debug] [2020-09-20T15:07:38.618Z] [worker-~diagnostic~-c723f9d4-9197-44bc-a1b4-e220888cfad4]: Assigning socketPath: \\?\pipe\C:\Users\Marco\Desktop\bogamovies\functions\12672 {"metadata":{"emulator":{"name":"functions"},"message":"[worker-~diagnostic~-c723f9d4-9197-44bc-a1b4-e220888cfad4]: Assigning socketPath: \\\\?\\pipe\\C:\\Users\\Marco\\Desktop\\bogamovies\\functions\\12672"}}
[debug] [2020-09-20T15:07:38.618Z] [worker-~diagnostic~-c723f9d4-9197-44bc-a1b4-e220888cfad4]: BUSY {"metadata":{"emulator":{"name":"functions"},"message":"[worker-~diagnostic~-c723f9d4-9197-44bc-a1b4-e220888cfad4]: BUSY"}}
[debug] [2020-09-20T15:07:39.284Z] [runtime-status] [12672] Functions runtime initialized. {"cwd":"C:\\Users\\Marco\\Desktop\\bogamovies\\functions","node_version":"12.18.3"} {"metadata":{"emulator":{"name":"functions"},"message":"[runtime-status] [12672] Functions runtime initialized. {\"cwd\":\"C:\\\\Users\\\\Marco\\\\Desktop\\\\bogamovies\\\\functions\",\"node_version\":\"12.18.3\"}"}}
[debug] [2020-09-20T15:07:39.285Z] [runtime-status] [12672] Disabled runtime features: undefined {"metadata":{"emulator":{"name":"functions"},"message":"[runtime-status] [12672] Disabled runtime features: undefined"}}
[debug] [2020-09-20T15:07:39.294Z] [runtime-status] [12672] Resolved module firebase-admin {"declared":true,"installed":true,"version":"8.13.0","resolution":"C:\\Users\\Marco\\Desktop\\bogamovies\\functions\\node_modules\\firebase-admin\\lib\\index.js"} {"metadata":{"emulator":{"name":"functions"},"message":"[runtime-status] [12672] Resolved module firebase-admin {\"declared\":true,\"installed\":true,\"version\":\"8.13.0\",\"resolution\":\"C:\\\\Users\\\\Marco\\\\Desktop\\\\bogamovies\\\\functions\\\\node_modules\\\\firebase-admin\\\\lib\\\\index.js\"}"}}
[debug] [2020-09-20T15:07:39.296Z] [runtime-status] [12672] Resolved module firebase-functions {"declared":true,"installed":true,"version":"3.11.0","resolution":"C:\\Users\\Marco\\Desktop\\bogamovies\\functions\\node_modules\\firebase-functions\\lib\\index.js"} {"metadata":{"emulator":{"name":"functions"},"message":"[runtime-status] [12672] Resolved module firebase-functions {\"declared\":true,\"installed\":true,\"version\":\"3.11.0\",\"resolution\":\"C:\\\\Users\\\\Marco\\\\Desktop\\\\bogamovies\\\\functions\\\\node_modules\\\\firebase-functions\\\\lib\\\\index.js\"}"}}
[debug] [2020-09-20T15:07:39.298Z] [runtime-status] [12672] Resolved module firebase-functions {"declared":true,"installed":true,"version":"3.11.0","resolution":"C:\\Users\\Marco\\Desktop\\bogamovies\\functions\\node_modules\\firebase-functions\\lib\\index.js"} {"metadata":{"emulator":{"name":"functions"},"message":"[runtime-status] [12672] Resolved module firebase-functions {\"declared\":true,\"installed\":true,\"version\":\"3.11.0\",\"resolution\":\"C:\\\\Users\\\\Marco\\\\Desktop\\\\bogamovies\\\\functions\\\\node_modules\\\\firebase-functions\\\\lib\\\\index.js\"}"}}
[debug] [2020-09-20T15:07:39.301Z] [runtime-status] [12672] Outgoing network have been stubbed. [{"name":"http","status":"mocked"},{"name":"http","status":"mocked"},{"name":"https","status":"mocked"},{"name":"https","status":"mocked"},{"name":"net","status":"mocked"}] {"metadata":{"emulator":{"name":"functions"},"message":"[runtime-status] [12672] Outgoing network have been stubbed. [{\"name\":\"http\",\"status\":\"mocked\"},{\"name\":\"http\",\"status\":\"mocked\"},{\"name\":\"https\",\"status\":\"mocked\"},{\"name\":\"https\",\"status\":\"mocked\"},{\"name\":\"net\",\"status\":\"mocked\"}]"}}
[debug] [2020-09-20T15:07:39.302Z] [runtime-status] [12672] Resolved module firebase-functions {"declared":true,"installed":true,"version":"3.11.0","resolution":"C:\\Users\\Marco\\Desktop\\bogamovies\\functions\\node_modules\\firebase-functions\\lib\\index.js"} {"metadata":{"emulator":{"name":"functions"},"message":"[runtime-status] [12672] Resolved module firebase-functions {\"declared\":true,\"installed\":true,\"version\":\"3.11.0\",\"resolution\":\"C:\\\\Users\\\\Marco\\\\Desktop\\\\bogamovies\\\\functions\\\\node_modules\\\\firebase-functions\\\\lib\\\\index.js\"}"}}
[debug] [2020-09-20T15:07:39.378Z] [runtime-status] [12672] Checked functions.config() {"config":{}} {"metadata":{"emulator":{"name":"functions"},"message":"[runtime-status] [12672] Checked functions.config() {\"config\":{}}"}}
[debug] [2020-09-20T15:07:39.379Z] [runtime-status] [12672] firebase-functions has been stubbed. {"functionsResolution":{"declared":true,"installed":true,"version":"3.11.0","resolution":"C:\\Users\\Marco\\Desktop\\bogamovies\\functions\\node_modules\\firebase-functions\\lib\\index.js"}} {"metadata":{"emulator":{"name":"functions"},"message":"[runtime-status] [12672] firebase-functions has been stubbed. {\"functionsResolution\":{\"declared\":true,\"installed\":true,\"version\":\"3.11.0\",\"resolution\":\"C:\\\\Users\\\\Marco\\\\Desktop\\\\bogamovies\\\\functions\\\\node_modules\\\\firebase-functions\\\\lib\\\\index.js\"}}"}}
[debug] [2020-09-20T15:07:39.379Z] [runtime-status] [12672] Resolved module firebase-functions {"declared":true,"installed":true,"version":"3.11.0","resolution":"C:\\Users\\Marco\\Desktop\\bogamovies\\functions\\node_modules\\firebase-functions\\lib\\index.js"} {"metadata":{"emulator":{"name":"functions"},"message":"[runtime-status] [12672] Resolved module firebase-functions {\"declared\":true,\"installed\":true,\"version\":\"3.11.0\",\"resolution\":\"C:\\\\Users\\\\Marco\\\\Desktop\\\\bogamovies\\\\functions\\\\node_modules\\\\firebase-functions\\\\lib\\\\index.js\"}"}}
[debug] [2020-09-20T15:07:39.381Z] [runtime-status] [12672] Resolved module firebase-admin {"declared":true,"installed":true,"version":"8.13.0","resolution":"C:\\Users\\Marco\\Desktop\\bogamovies\\functions\\node_modules\\firebase-admin\\lib\\index.js"} {"metadata":{"emulator":{"name":"functions"},"message":"[runtime-status] [12672] Resolved module firebase-admin {\"declared\":true,\"installed\":true,\"version\":\"8.13.0\",\"resolution\":\"C:\\\\Users\\\\Marco\\\\Desktop\\\\bogamovies\\\\functions\\\\node_modules\\\\firebase-admin\\\\lib\\\\index.js\"}"}}
[debug] [2020-09-20T15:07:39.382Z] [runtime-status] [12672] Resolved module firebase-functions {"declared":true,"installed":true,"version":"3.11.0","resolution":"C:\\Users\\Marco\\Desktop\\bogamovies\\functions\\node_modules\\firebase-functions\\lib\\index.js"} {"metadata":{"emulator":{"name":"functions"},"message":"[runtime-status] [12672] Resolved module firebase-functions {\"declared\":true,\"installed\":true,\"version\":\"3.11.0\",\"resolution\":\"C:\\\\Users\\\\Marco\\\\Desktop\\\\bogamovies\\\\functions\\\\node_modules\\\\firebase-functions\\\\lib\\\\index.js\"}"}}
[debug] [2020-09-20T15:07:39.383Z] [runtime-status] [12672] firebase-admin has been stubbed. {"adminResolution":{"declared":true,"installed":true,"version":"8.13.0","resolution":"C:\\Users\\Marco\\Desktop\\bogamovies\\functions\\node_modules\\firebase-admin\\lib\\index.js"}} {"metadata":{"emulator":{"name":"functions"},"message":"[runtime-status] [12672] firebase-admin has been stubbed. {\"adminResolution\":{\"declared\":true,\"installed\":true,\"version\":\"8.13.0\",\"resolution\":\"C:\\\\Users\\\\Marco\\\\Desktop\\\\bogamovies\\\\functions\\\\node_modules\\\\firebase-admin\\\\lib\\\\index.js\"}}"}}
[info] +  functions[app]: http function initialized (http://localhost:5001/buscatutorrent/us-central1/app). {"metadata":{"emulator":{"name":"functions"},"message":"\u001b[1mhttp\u001b[22m function initialized (http://localhost:5001/buscatutorrent/us-central1/app)."}}
[debug] [2020-09-20T15:07:40.581Z] [worker-~diagnostic~-c723f9d4-9197-44bc-a1b4-e220888cfad4]: IDLE {"metadata":{"emulator":{"name":"functions"},"message":"[worker-~diagnostic~-c723f9d4-9197-44bc-a1b4-e220888cfad4]: IDLE"}}
[debug] [2020-09-20T15:07:44.996Z] [work-queue] {"queueLength":1,"workRunningCount":0}
[debug] [2020-09-20T15:07:44.997Z] [work-queue] {"queueLength":0,"workRunningCount":1}
[debug] [2020-09-20T15:07:44.997Z] Accepted request GET /buscatutorrent/us-central1/app --> app
[debug] [2020-09-20T15:07:45.002Z] [worker-pool] addWorker(app) {"metadata":{"emulator":{"name":"functions"},"message":"[worker-pool] addWorker(app)"}}
[debug] [2020-09-20T15:07:45.002Z] [worker-pool] Adding worker with key app, total=1 {"metadata":{"emulator":{"name":"functions"},"message":"[worker-pool] Adding worker with key app, total=1"}}
[debug] [2020-09-20T15:07:45.003Z] [worker-pool] submitWork(triggerId=app) {"metadata":{"emulator":{"name":"functions"},"message":"[worker-pool] submitWork(triggerId=app)"}}
[debug] [2020-09-20T15:07:45.003Z] [worker-app-bcc8c487-9479-4036-8c31-c272ffea892d]: Assigning socketPath: \\?\pipe\C:\Users\Marco\Desktop\bogamovies\functions\11500 {"metadata":{"emulator":{"name":"functions"},"message":"[worker-app-bcc8c487-9479-4036-8c31-c272ffea892d]: Assigning socketPath: \\\\?\\pipe\\C:\\Users\\Marco\\Desktop\\bogamovies\\functions\\11500"}}
[debug] [2020-09-20T15:07:45.003Z] [worker-app-bcc8c487-9479-4036-8c31-c272ffea892d]: BUSY {"metadata":{"emulator":{"name":"functions"},"message":"[worker-app-bcc8c487-9479-4036-8c31-c272ffea892d]: BUSY"}}
[debug] [2020-09-20T15:07:45.664Z] [runtime-status] [11500] Functions runtime initialized. {"cwd":"C:\\Users\\Marco\\Desktop\\bogamovies\\functions","node_version":"12.18.3"} {"metadata":{"emulator":{"name":"functions"},"function":{"name":"app"},"message":"[runtime-status] [11500] Functions runtime initialized. {\"cwd\":\"C:\\\\Users\\\\Marco\\\\Desktop\\\\bogamovies\\\\functions\",\"node_version\":\"12.18.3\"}"}}
[debug] [2020-09-20T15:07:45.667Z] [runtime-status] [11500] Disabled runtime features: undefined {"metadata":{"emulator":{"name":"functions"},"function":{"name":"app"},"message":"[runtime-status] [11500] Disabled runtime features: undefined"}}
[debug] [2020-09-20T15:07:45.676Z] [runtime-status] [11500] Resolved module firebase-admin {"declared":true,"installed":true,"version":"8.13.0","resolution":"C:\\Users\\Marco\\Desktop\\bogamovies\\functions\\node_modules\\firebase-admin\\lib\\index.js"} {"metadata":{"emulator":{"name":"functions"},"function":{"name":"app"},"message":"[runtime-status] [11500] Resolved module firebase-admin {\"declared\":true,\"installed\":true,\"version\":\"8.13.0\",\"resolution\":\"C:\\\\Users\\\\Marco\\\\Desktop\\\\bogamovies\\\\functions\\\\node_modules\\\\firebase-admin\\\\lib\\\\index.js\"}"}}
[debug] [2020-09-20T15:07:45.679Z] [runtime-status] [11500] Resolved module firebase-functions {"declared":true,"installed":true,"version":"3.11.0","resolution":"C:\\Users\\Marco\\Desktop\\bogamovies\\functions\\node_modules\\firebase-functions\\lib\\index.js"} {"metadata":{"emulator":{"name":"functions"},"function":{"name":"app"},"message":"[runtime-status] [11500] Resolved module firebase-functions {\"declared\":true,\"installed\":true,\"version\":\"3.11.0\",\"resolution\":\"C:\\\\Users\\\\Marco\\\\Desktop\\\\bogamovies\\\\functions\\\\node_modules\\\\firebase-functions\\\\lib\\\\index.js\"}"}}
[debug] [2020-09-20T15:07:45.680Z] [runtime-status] [11500] Resolved module firebase-functions {"declared":true,"installed":true,"version":"3.11.0","resolution":"C:\\Users\\Marco\\Desktop\\bogamovies\\functions\\node_modules\\firebase-functions\\lib\\index.js"} {"metadata":{"emulator":{"name":"functions"},"function":{"name":"app"},"message":"[runtime-status] [11500] Resolved module firebase-functions {\"declared\":true,\"installed\":true,\"version\":\"3.11.0\",\"resolution\":\"C:\\\\Users\\\\Marco\\\\Desktop\\\\bogamovies\\\\functions\\\\node_modules\\\\firebase-functions\\\\lib\\\\index.js\"}"}}
[debug] [2020-09-20T15:07:45.683Z] [runtime-status] [11500] Outgoing network have been stubbed. [{"name":"http","status":"mocked"},{"name":"http","status":"mocked"},{"name":"https","status":"mocked"},{"name":"https","status":"mocked"},{"name":"net","status":"mocked"}] {"metadata":{"emulator":{"name":"functions"},"function":{"name":"app"},"message":"[runtime-status] [11500] Outgoing network have been stubbed. [{\"name\":\"http\",\"status\":\"mocked\"},{\"name\":\"http\",\"status\":\"mocked\"},{\"name\":\"https\",\"status\":\"mocked\"},{\"name\":\"https\",\"status\":\"mocked\"},{\"name\":\"net\",\"status\":\"mocked\"}]"}}
[debug] [2020-09-20T15:07:45.684Z] [runtime-status] [11500] Resolved module firebase-functions {"declared":true,"installed":true,"version":"3.11.0","resolution":"C:\\Users\\Marco\\Desktop\\bogamovies\\functions\\node_modules\\firebase-functions\\lib\\index.js"} {"metadata":{"emulator":{"name":"functions"},"function":{"name":"app"},"message":"[runtime-status] [11500] Resolved module firebase-functions {\"declared\":true,\"installed\":true,\"version\":\"3.11.0\",\"resolution\":\"C:\\\\Users\\\\Marco\\\\Desktop\\\\bogamovies\\\\functions\\\\node_modules\\\\firebase-functions\\\\lib\\\\index.js\"}"}}
[debug] [2020-09-20T15:07:45.759Z] [runtime-status] [11500] Checked functions.config() {"config":{}} {"metadata":{"emulator":{"name":"functions"},"function":{"name":"app"},"message":"[runtime-status] [11500] Checked functions.config() {\"config\":{}}"}}
[debug] [2020-09-20T15:07:45.759Z] [runtime-status] [11500] firebase-functions has been stubbed. {"functionsResolution":{"declared":true,"installed":true,"version":"3.11.0","resolution":"C:\\Users\\Marco\\Desktop\\bogamovies\\functions\\node_modules\\firebase-functions\\lib\\index.js"}} {"metadata":{"emulator":{"name":"functions"},"function":{"name":"app"},"message":"[runtime-status] [11500] firebase-functions has been stubbed. {\"functionsResolution\":{\"declared\":true,\"installed\":true,\"version\":\"3.11.0\",\"resolution\":\"C:\\\\Users\\\\Marco\\\\Desktop\\\\bogamovies\\\\functions\\\\node_modules\\\\firebase-functions\\\\lib\\\\index.js\"}}"}}
[debug] [2020-09-20T15:07:45.760Z] [runtime-status] [11500] Resolved module firebase-functions {"declared":true,"installed":true,"version":"3.11.0","resolution":"C:\\Users\\Marco\\Desktop\\bogamovies\\functions\\node_modules\\firebase-functions\\lib\\index.js"} {"metadata":{"emulator":{"name":"functions"},"function":{"name":"app"},"message":"[runtime-status] [11500] Resolved module firebase-functions {\"declared\":true,\"installed\":true,\"version\":\"3.11.0\",\"resolution\":\"C:\\\\Users\\\\Marco\\\\Desktop\\\\bogamovies\\\\functions\\\\node_modules\\\\firebase-functions\\\\lib\\\\index.js\"}"}}
[debug] [2020-09-20T15:07:45.762Z] [runtime-status] [11500] Resolved module firebase-admin {"declared":true,"installed":true,"version":"8.13.0","resolution":"C:\\Users\\Marco\\Desktop\\bogamovies\\functions\\node_modules\\firebase-admin\\lib\\index.js"} {"metadata":{"emulator":{"name":"functions"},"function":{"name":"app"},"message":"[runtime-status] [11500] Resolved module firebase-admin {\"declared\":true,\"installed\":true,\"version\":\"8.13.0\",\"resolution\":\"C:\\\\Users\\\\Marco\\\\Desktop\\\\bogamovies\\\\functions\\\\node_modules\\\\firebase-admin\\\\lib\\\\index.js\"}"}}
[debug] [2020-09-20T15:07:45.763Z] [runtime-status] [11500] Resolved module firebase-functions {"declared":true,"installed":true,"version":"3.11.0","resolution":"C:\\Users\\Marco\\Desktop\\bogamovies\\functions\\node_modules\\firebase-functions\\lib\\index.js"} {"metadata":{"emulator":{"name":"functions"},"function":{"name":"app"},"message":"[runtime-status] [11500] Resolved module firebase-functions {\"declared\":true,\"installed\":true,\"version\":\"3.11.0\",\"resolution\":\"C:\\\\Users\\\\Marco\\\\Desktop\\\\bogamovies\\\\functions\\\\node_modules\\\\firebase-functions\\\\lib\\\\index.js\"}"}}
[debug] [2020-09-20T15:07:45.763Z] [runtime-status] [11500] firebase-admin has been stubbed. {"adminResolution":{"declared":true,"installed":true,"version":"8.13.0","resolution":"C:\\Users\\Marco\\Desktop\\bogamovies\\functions\\node_modules\\firebase-admin\\lib\\index.js"}} {"metadata":{"emulator":{"name":"functions"},"function":{"name":"app"},"message":"[runtime-status] [11500] firebase-admin has been stubbed. {\"adminResolution\":{\"declared\":true,\"installed\":true,\"version\":\"8.13.0\",\"resolution\":\"C:\\\\Users\\\\Marco\\\\Desktop\\\\bogamovies\\\\functions\\\\node_modules\\\\firebase-admin\\\\lib\\\\index.js\"}}"}}
[debug] [2020-09-20T15:07:46.904Z] [runtime-status] [11500] Trigger "app" has been found, beginning invocation! {"metadata":{"emulator":{"name":"functions"},"function":{"name":"app"},"message":"[runtime-status] [11500] Trigger \"app\" has been found, beginning invocation!"}}
[info] i  functions: Beginning execution of "app" {"metadata":{"emulator":{"name":"functions"},"function":{"name":"app"},"message":"Beginning execution of \"app\""}}
[debug] [2020-09-20T15:07:46.905Z] [runtime-status] [11500] triggerDefinition {"httpsTrigger":{},"name":"app","entryPoint":"app"} {"metadata":{"emulator":{"name":"functions"},"function":{"name":"app"},"message":"[runtime-status] [11500] triggerDefinition {\"httpsTrigger\":{},\"name\":\"app\",\"entryPoint\":\"app\"}"}}
[debug] [2020-09-20T15:07:46.905Z] [runtime-status] [11500] Running app in mode HTTPS {"metadata":{"emulator":{"name":"functions"},"function":{"name":"app"},"message":"[runtime-status] [11500] Running app in mode HTTPS"}}
[debug] [2020-09-20T15:07:46.911Z] [runtime-status] [11500] Attempting to listen to socketPath: \\?\pipe\C:\Users\Marco\Desktop\bogamovies\functions\11500 {"metadata":{"emulator":{"name":"functions"},"function":{"name":"app"},"message":"[runtime-status] [11500] Attempting to listen to socketPath: \\\\?\\pipe\\C:\\Users\\Marco\\Desktop\\bogamovies\\functions\\11500"}}
[debug] [2020-09-20T15:07:46.916Z] [functions] Runtime ready! Sending request! {"metadata":{"emulator":{"name":"functions"},"message":"[functions] Runtime ready! Sending request!"}}
[debug] [2020-09-20T15:07:46.926Z] [runtime-status] [11500] Ephemeral server handling GET request {"metadata":{"emulator":{"name":"functions"},"function":{"name":"app"},"message":"[runtime-status] [11500] Ephemeral server handling GET request"}}
[debug] [2020-09-20T15:07:46.936Z] [runtime-status] [11500] Ephemeral server survived. {"metadata":{"emulator":{"name":"functions"},"function":{"name":"app"},"message":"[runtime-status] [11500] Ephemeral server survived."}}
[info] i  functions: Finished "app" in ~1s {"metadata":{"emulator":{"name":"functions"},"function":{"name":"app"},"message":"Finished \"app\" in ~1s"}}
[debug] [2020-09-20T15:07:46.944Z] [worker-app-bcc8c487-9479-4036-8c31-c272ffea892d]: IDLE {"metadata":{"emulator":{"name":"functions"},"message":"[worker-app-bcc8c487-9479-4036-8c31-c272ffea892d]: IDLE"}}
[debug] [2020-09-20T15:07:46.944Z] [work-queue] {"queueLength":0,"workRunningCount":0}
[debug] [2020-09-20T15:07:52.215Z] [work-queue] {"queueLength":1,"workRunningCount":0}
[debug] [2020-09-20T15:07:52.216Z] [work-queue] {"queueLength":0,"workRunningCount":1}
[debug] [2020-09-20T15:07:52.216Z] Accepted request GET /buscatutorrent/us-central1/app/torrent/rocky --> app
[debug] [2020-09-20T15:07:52.216Z] [worker-pool] submitWork(triggerId=app) {"metadata":{"emulator":{"name":"functions"},"message":"[worker-pool] submitWork(triggerId=app)"}}
[debug] [2020-09-20T15:07:52.216Z] [worker-app-bcc8c487-9479-4036-8c31-c272ffea892d]: Assigning socketPath: \\?\pipe\C:\Users\Marco\Desktop\bogamovies\functions\11500 {"metadata":{"emulator":{"name":"functions"},"message":"[worker-app-bcc8c487-9479-4036-8c31-c272ffea892d]: Assigning socketPath: \\\\?\\pipe\\C:\\Users\\Marco\\Desktop\\bogamovies\\functions\\11500"}}
[debug] [2020-09-20T15:07:52.216Z] [worker-app-bcc8c487-9479-4036-8c31-c272ffea892d]: BUSY {"metadata":{"emulator":{"name":"functions"},"message":"[worker-app-bcc8c487-9479-4036-8c31-c272ffea892d]: BUSY"}}
[debug] [2020-09-20T15:07:52.217Z] [runtime-status] [11500] Trigger "app" has been found, beginning invocation! {"metadata":{"emulator":{"name":"functions"},"function":{"name":"app"},"message":"[runtime-status] [11500] Trigger \"app\" has been found, beginning invocation!"}}
[info] i  functions: Beginning execution of "app" {"metadata":{"emulator":{"name":"functions"},"function":{"name":"app"},"message":"Beginning execution of \"app\""}}
[debug] [2020-09-20T15:07:52.218Z] [runtime-status] [11500] triggerDefinition {"httpsTrigger":{},"name":"app","entryPoint":"app"} {"metadata":{"emulator":{"name":"functions"},"function":{"name":"app"},"message":"[runtime-status] [11500] triggerDefinition {\"httpsTrigger\":{},\"name\":\"app\",\"entryPoint\":\"app\"}"}}
[debug] [2020-09-20T15:07:52.218Z] [runtime-status] [11500] Running app in mode HTTPS {"metadata":{"emulator":{"name":"functions"},"function":{"name":"app"},"message":"[runtime-status] [11500] Running app in mode HTTPS"}}
[debug] [2020-09-20T15:07:52.219Z] [runtime-status] [11500] Attempting to listen to socketPath: \\?\pipe\C:\Users\Marco\Desktop\bogamovies\functions\11500 {"metadata":{"emulator":{"name":"functions"},"function":{"name":"app"},"message":"[runtime-status] [11500] Attempting to listen to socketPath: \\\\?\\pipe\\C:\\Users\\Marco\\Desktop\\bogamovies\\functions\\11500"}}
[debug] [2020-09-20T15:07:52.221Z] [functions] Runtime ready! Sending request! {"metadata":{"emulator":{"name":"functions"},"message":"[functions] Runtime ready! Sending request!"}}
[debug] [2020-09-20T15:07:52.228Z] [runtime-status] [11500] Ephemeral server handling GET request {"metadata":{"emulator":{"name":"functions"},"function":{"name":"app"},"message":"[runtime-status] [11500] Ephemeral server handling GET request"}}
[debug] [2020-09-20T15:07:52.231Z] [runtime-status] [11500] Ephemeral server survived. {"metadata":{"emulator":{"name":"functions"},"function":{"name":"app"},"message":"[runtime-status] [11500] Ephemeral server survived."}}
[info] i  functions: Finished "app" in ~1s {"metadata":{"emulator":{"name":"functions"},"function":{"name":"app"},"message":"Finished \"app\" in ~1s"}}
[debug] [2020-09-20T15:07:52.237Z] [worker-app-bcc8c487-9479-4036-8c31-c272ffea892d]: IDLE {"metadata":{"emulator":{"name":"functions"},"message":"[worker-app-bcc8c487-9479-4036-8c31-c272ffea892d]: IDLE"}}
[debug] [2020-09-20T15:07:52.237Z] [work-queue] {"queueLength":0,"workRunningCount":0}
[debug] [2020-09-20T15:10:26.426Z] [work-queue] {"queueLength":1,"workRunningCount":0}
[debug] [2020-09-20T15:10:26.427Z] [work-queue] {"queueLength":0,"workRunningCount":1}
[debug] [2020-09-20T15:10:26.427Z] Accepted request GET /buscatutorrent/us-central1/app/torrent/rocky --> app
[debug] [2020-09-20T15:10:26.427Z] [worker-pool] submitWork(triggerId=app) {"metadata":{"emulator":{"name":"functions"},"message":"[worker-pool] submitWork(triggerId=app)"}}
[debug] [2020-09-20T15:10:26.427Z] [worker-app-bcc8c487-9479-4036-8c31-c272ffea892d]: Assigning socketPath: \\?\pipe\C:\Users\Marco\Desktop\bogamovies\functions\11500 {"metadata":{"emulator":{"name":"functions"},"message":"[worker-app-bcc8c487-9479-4036-8c31-c272ffea892d]: Assigning socketPath: \\\\?\\pipe\\C:\\Users\\Marco\\Desktop\\bogamovies\\functions\\11500"}}
[debug] [2020-09-20T15:10:26.427Z] [worker-app-bcc8c487-9479-4036-8c31-c272ffea892d]: BUSY {"metadata":{"emulator":{"name":"functions"},"message":"[worker-app-bcc8c487-9479-4036-8c31-c272ffea892d]: BUSY"}}
[debug] [2020-09-20T15:10:26.428Z] [runtime-status] [11500] Trigger "app" has been found, beginning invocation! {"metadata":{"emulator":{"name":"functions"},"function":{"name":"app"},"message":"[runtime-status] [11500] Trigger \"app\" has been found, beginning invocation!"}}
[info] i  functions: Beginning execution of "app" {"metadata":{"emulator":{"name":"functions"},"function":{"name":"app"},"message":"Beginning execution of \"app\""}}
[debug] [2020-09-20T15:10:26.429Z] [runtime-status] [11500] triggerDefinition {"httpsTrigger":{},"name":"app","entryPoint":"app"} {"metadata":{"emulator":{"name":"functions"},"function":{"name":"app"},"message":"[runtime-status] [11500] triggerDefinition {\"httpsTrigger\":{},\"name\":\"app\",\"entryPoint\":\"app\"}"}}
[debug] [2020-09-20T15:10:26.429Z] [runtime-status] [11500] Running app in mode HTTPS {"metadata":{"emulator":{"name":"functions"},"function":{"name":"app"},"message":"[runtime-status] [11500] Running app in mode HTTPS"}}
[debug] [2020-09-20T15:10:26.430Z] [runtime-status] [11500] Attempting to listen to socketPath: \\?\pipe\C:\Users\Marco\Desktop\bogamovies\functions\11500 {"metadata":{"emulator":{"name":"functions"},"function":{"name":"app"},"message":"[runtime-status] [11500] Attempting to listen to socketPath: \\\\?\\pipe\\C:\\Users\\Marco\\Desktop\\bogamovies\\functions\\11500"}}
[debug] [2020-09-20T15:10:26.431Z] [functions] Runtime ready! Sending request! {"metadata":{"emulator":{"name":"functions"},"message":"[functions] Runtime ready! Sending request!"}}
[debug] [2020-09-20T15:10:26.435Z] [runtime-status] [11500] Ephemeral server handling GET request {"metadata":{"emulator":{"name":"functions"},"function":{"name":"app"},"message":"[runtime-status] [11500] Ephemeral server handling GET request"}}
[debug] [2020-09-20T15:10:26.436Z] [runtime-status] [11500] Ephemeral server survived. {"metadata":{"emulator":{"name":"functions"},"function":{"name":"app"},"message":"[runtime-status] [11500] Ephemeral server survived."}}
[info] i  functions: Finished "app" in ~1s {"metadata":{"emulator":{"name":"functions"},"function":{"name":"app"},"message":"Finished \"app\" in ~1s"}}
[debug] [2020-09-20T15:10:26.439Z] [worker-app-bcc8c487-9479-4036-8c31-c272ffea892d]: IDLE {"metadata":{"emulator":{"name":"functions"},"message":"[worker-app-bcc8c487-9479-4036-8c31-c272ffea892d]: IDLE"}}
[debug] [2020-09-20T15:10:26.439Z] [work-queue] {"queueLength":0,"workRunningCount":0}
[debug] [2020-09-20T15:11:08.183Z] [work-queue] {"queueLength":1,"workRunningCount":0}
[debug] [2020-09-20T15:11:08.184Z] [work-queue] {"queueLength":0,"workRunningCount":1}
[debug] [2020-09-20T15:11:08.184Z] Accepted request GET /buscatutorrent/us-central1/app/torrent/rocky --> app
[debug] [2020-09-20T15:11:08.184Z] [worker-pool] submitWork(triggerId=app) {"metadata":{"emulator":{"name":"functions"},"message":"[worker-pool] submitWork(triggerId=app)"}}
[debug] [2020-09-20T15:11:08.184Z] [worker-app-bcc8c487-9479-4036-8c31-c272ffea892d]: Assigning socketPath: \\?\pipe\C:\Users\Marco\Desktop\bogamovies\functions\11500 {"metadata":{"emulator":{"name":"functions"},"message":"[worker-app-bcc8c487-9479-4036-8c31-c272ffea892d]: Assigning socketPath: \\\\?\\pipe\\C:\\Users\\Marco\\Desktop\\bogamovies\\functions\\11500"}}
[debug] [2020-09-20T15:11:08.184Z] [worker-app-bcc8c487-9479-4036-8c31-c272ffea892d]: BUSY {"metadata":{"emulator":{"name":"functions"},"message":"[worker-app-bcc8c487-9479-4036-8c31-c272ffea892d]: BUSY"}}
[debug] [2020-09-20T15:11:08.185Z] [runtime-status] [11500] Trigger "app" has been found, beginning invocation! {"metadata":{"emulator":{"name":"functions"},"function":{"name":"app"},"message":"[runtime-status] [11500] Trigger \"app\" has been found, beginning invocation!"}}
[info] i  functions: Beginning execution of "app" {"metadata":{"emulator":{"name":"functions"},"function":{"name":"app"},"message":"Beginning execution of \"app\""}}
[debug] [2020-09-20T15:11:08.186Z] [runtime-status] [11500] triggerDefinition {"httpsTrigger":{},"name":"app","entryPoint":"app"} {"metadata":{"emulator":{"name":"functions"},"function":{"name":"app"},"message":"[runtime-status] [11500] triggerDefinition {\"httpsTrigger\":{},\"name\":\"app\",\"entryPoint\":\"app\"}"}}
[debug] [2020-09-20T15:11:08.186Z] [runtime-status] [11500] Running app in mode HTTPS {"metadata":{"emulator":{"name":"functions"},"function":{"name":"app"},"message":"[runtime-status] [11500] Running app in mode HTTPS"}}
[debug] [2020-09-20T15:11:08.187Z] [runtime-status] [11500] Attempting to listen to socketPath: \\?\pipe\C:\Users\Marco\Desktop\bogamovies\functions\11500 {"metadata":{"emulator":{"name":"functions"},"function":{"name":"app"},"message":"[runtime-status] [11500] Attempting to listen to socketPath: \\\\?\\pipe\\C:\\Users\\Marco\\Desktop\\bogamovies\\functions\\11500"}}
[debug] [2020-09-20T15:11:08.188Z] [functions] Runtime ready! Sending request! {"metadata":{"emulator":{"name":"functions"},"message":"[functions] Runtime ready! Sending request!"}}
[debug] [2020-09-20T15:11:08.193Z] [runtime-status] [11500] Ephemeral server handling GET request {"metadata":{"emulator":{"name":"functions"},"function":{"name":"app"},"message":"[runtime-status] [11500] Ephemeral server handling GET request"}}
[debug] [2020-09-20T15:11:08.193Z] [runtime-status] [11500] Ephemeral server survived. {"metadata":{"emulator":{"name":"functions"},"function":{"name":"app"},"message":"[runtime-status] [11500] Ephemeral server survived."}}
[info] i  functions: Finished "app" in ~1s {"metadata":{"emulator":{"name":"functions"},"function":{"name":"app"},"message":"Finished \"app\" in ~1s"}}
[debug] [2020-09-20T15:11:08.197Z] [worker-app-bcc8c487-9479-4036-8c31-c272ffea892d]: IDLE {"metadata":{"emulator":{"name":"functions"},"message":"[worker-app-bcc8c487-9479-4036-8c31-c272ffea892d]: IDLE"}}
[debug] [2020-09-20T15:11:08.197Z] [work-queue] {"queueLength":0,"workRunningCount":0}
[info] i  hosting: 127.0.0.1 - - [20/Sep/2020:15:11:50 +0000] "GET /buscatutorrent/us-central1/app/torrent/rocky HTTP/1.1" 404 183 "-" "Mozilla/5.0 (Windows NT 10.0; Win64; x64) AppleWebKit/537.36 (KHTML, like Gecko) Chrome/85.0.4183.102 Safari/537.36" {"metadata":{"emulator":{"name":"hosting"},"message":"127.0.0.1 - - [20/Sep/2020:15:11:50 +0000] \"GET /buscatutorrent/us-central1/app/torrent/rocky HTTP/1.1\" 404 183 \"-\" \"Mozilla/5.0 (Windows NT 10.0; Win64; x64) AppleWebKit/537.36 (KHTML, like Gecko) Chrome/85.0.4183.102 Safari/537.36\""}}
[debug] [2020-09-20T15:12:20.864Z] [worker-app-bcc8c487-9479-4036-8c31-c272ffea892d]: exited {"metadata":{"emulator":{"name":"functions"},"message":"[worker-app-bcc8c487-9479-4036-8c31-c272ffea892d]: exited"}}
